<?xml version="1.0" encoding="utf-8" standalone="no"?>
<!--This file represents the results of running a test suite-->
<test-results name="/Users/paulpatarinski/WIP/Personal/simpleToDo/ui_tests/bin/Debug/ui_tests.dll" total="1" errors="1" failures="0" not-run="0" inconclusive="0" ignored="0" skipped="0" invalid="0" date="2017-02-03" time="19:07:17">
  <environment nunit-version="2.6.4.14350" clr-version="4.0.30319.42000" os-version="Unix 15.6.0.0" platform="Unix" cwd="/Users/paulpatarinski/WIP/Personal/simpleToDo/ui_tests" machine-name="Pauls-MacBook-Pro.local" user="paulpatarinski" user-domain="Pauls-MacBook-Pro.local" />
  <culture-info current-culture="en-US" current-uiculture="en-US" />
  <test-suite type="Assembly" name="/Users/paulpatarinski/WIP/Personal/simpleToDo/ui_tests/bin/Debug/ui_tests.dll" executed="True" result="Failure" success="False" time="0.204" asserts="0">
    <results>
      <test-suite type="Namespace" name="ui_tests" executed="True" result="Failure" success="False" time="0.199" asserts="0">
        <results>
          <test-suite type="ParameterizedFixture" name="Tests" executed="True" result="Failure" success="False" time="0.198" asserts="0">
            <results>
              <test-suite type="TestFixture" name="Tests(Android)" executed="True" result="Failure" success="False" time="0.198" asserts="0">
                <results>
                  <test-case name="ui_tests.Tests(Android).Generate_App_Screenshots" executed="True" result="Error" success="False" time="0.191" asserts="0">
                    <failure>
                      <message><![CDATA[SetUp : System.Exception : ApkFile or InstalledApp has not been configured.]]></message>
                      <stack-trace><![CDATA[at Xamarin.UITest.Configuration.AndroidAppConfiguration.Verify () [0x0004c] in <e747267e258a4a668973c7ca7e9014a8>:0
at Xamarin.UITest.Android.LocalAndroidAppInitializer.VerifyConfiguration () [0x0000b] in <e747267e258a4a668973c7ca7e9014a8>:0
at Xamarin.UITest.Android.AndroidApp..ctor (Xamarin.UITest.Configuration.IAndroidAppConfiguration appConfiguration) [0x000d2] in <e747267e258a4a668973c7ca7e9014a8>:0
at Xamarin.UITest.Configuration.AndroidAppConfigurator.StartApp (Xamarin.UITest.Configuration.AppDataMode appDataMode) [0x00017] in <e747267e258a4a668973c7ca7e9014a8>:0
at ui_tests.AppInitializer.StartApp (Xamarin.UITest.Platform platform) [0x0000d] in <787ef41193564e48b033d660a2da95a1>:0
at ui_tests.Tests.BeforeEachTest () [0x00001] in <787ef41193564e48b033d660a2da95a1>:0
]]></stack-trace>
                    </failure>
                  </test-case>
                </results>
              </test-suite>
            </results>
          </test-suite>
        </results>
      </test-suite>
    </results>
  </test-suite>
</test-results>